<?xml version="1.0" encoding="UTF-8"?>
<!-- Generated by org.testng.reporters.JUnitReportReporter -->
<testsuite hostname="LAPTOP-PR7TAUIP" failures="0" tests="1" name="autoIT.profileUpdate" time="24.231" errors="0" timestamp="19 May 2018 21:59:47 GMT" skipped="0">
  <testcase classname="autoIT.profileUpdate" name="login" time="24.231"/>
</testsuite> <!-- autoIT.profileUpdate -->
