<?xml version="1.0" encoding="UTF-8"?>
<!-- Generated by org.testng.reporters.JUnitReportReporter -->
<testsuite hostname="LAPTOP-PR7TAUIP" failures="0" tests="1" name="GIT.gitDemo" time="53.871" errors="0" timestamp="24 May 2018 22:09:32 GMT" skipped="0">
  <testcase classname="GIT.gitDemo" name="gitoutput" time="53.871"/>
</testsuite> <!-- GIT.gitDemo -->
