<?xml version="1.0" encoding="UTF-8"?>
<!-- Generated by org.testng.reporters.JUnitReportReporter -->
<testsuite hostname="LAPTOP-PR7TAUIP" failures="0" tests="1" name="GIT.gitDemo" time="67583.086" errors="0" timestamp="21 May 2018 17:10:16 GMT" skipped="0">
  <testcase classname="GIT.gitDemo" name="gitoutput" time="67583.086"/>
</testsuite> <!-- GIT.gitDemo -->
