<?xml version="1.0" encoding="UTF-8"?>
<!-- Generated by org.testng.reporters.JUnitReportReporter -->
<testsuite hostname="LAPTOP-PR7TAUIP" failures="0" tests="1" name="sikuliscripts.LoginToFB" time="25.126" errors="0" timestamp="16 May 2018 15:30:57 GMT" skipped="0">
  <testcase classname="sikuliscripts.LoginToFB" name="loginToFB" time="25.126"/>
</testsuite> <!-- sikuliscripts.LoginToFB -->
