<?xml version="1.0" encoding="UTF-8"?>
<!-- Generated by org.testng.reporters.JUnitReportReporter -->
<testsuite hostname="LAPTOP-PR7TAUIP" failures="0" tests="1" name="Log4j.LoggerDemo" time="0.031" errors="0" timestamp="16 May 2018 21:37:05 GMT" skipped="0">
  <testcase classname="Log4j.LoggerDemo" name="loggerdemo" time="0.031"/>
</testsuite> <!-- Log4j.LoggerDemo -->
