<?xml version="1.0" encoding="UTF-8"?>
<!-- Generated by org.testng.reporters.JUnitReportReporter -->
<testsuite hostname="LAPTOP-PR7TAUIP" failures="0" tests="1" name="GIT.gitDemo" time="9.073" errors="0" timestamp="20 May 2018 03:29:20 GMT" skipped="0">
  <testcase classname="GIT.gitDemo" name="gitoutput" time="9.073"/>
</testsuite> <!-- GIT.gitDemo -->
