<?xml version="1.0" encoding="UTF-8"?>
<!-- Generated by org.testng.reporters.JUnitReportReporter -->
<testsuite hostname="LAPTOP-PR7TAUIP" failures="0" tests="1" name="GIT.gitDemo" time="12.560" errors="0" timestamp="19 May 2018 21:29:17 GMT" skipped="0">
  <testcase classname="GIT.gitDemo" name="gitoutput" time="12.560"/>
</testsuite> <!-- GIT.gitDemo -->
