<?xml version="1.0" encoding="UTF-8"?>
<!-- Generated by org.testng.reporters.JUnitReportReporter -->
<testsuite hostname="LAPTOP-PR7TAUIP" failures="0" tests="1" name="autoIT.composeEmail" time="32.886" errors="0" timestamp="15 May 2018 01:48:27 GMT" skipped="0">
  <testcase classname="autoIT.composeEmail" name="composeEmailwithAttachment" time="32.886"/>
</testsuite> <!-- autoIT.composeEmail -->
